ERROR 2017-07-25 16:06:09,329 [main] [kr.co.ldcc.lemp.hybrid.server.web.service.ServicePauseInterceptorService]                 Has occur error during loading servicePauseInterceptorConfig.xml
ERROR 2017-07-25 16:06:09,462 [main] [kr.co.ldcc.lemp.db.common.MyBatisConfig]                 Error initializing mybatis. Cause: 
org.apache.ibatis.builder.BuilderException: Error parsing SQL Mapper Configuration. Cause: java.io.FileNotFoundException: C:\Users\LOTTE\workspace\SMART_HOME\conf\sql\ORACLE\TT0001.xml (지정된 경로를 찾을 수 없습니다)
	at org.apache.ibatis.builder.xml.XMLConfigBuilder.parseConfiguration(XMLConfigBuilder.java:109) ~[mybatis-3.2.7.jar:3.2.7]
	at org.apache.ibatis.builder.xml.XMLConfigBuilder.parse(XMLConfigBuilder.java:92) ~[mybatis-3.2.7.jar:3.2.7]
	at kr.co.ldcc.lemp.db.common.MyBatisConfig.init(MyBatisConfig.java:86) [db-mybatis-1.0.jar:?]
	at sun.reflect.NativeMethodAccessorImpl.invoke0(Native Method) ~[?:1.6.0_45]
	at sun.reflect.NativeMethodAccessorImpl.invoke(Unknown Source) ~[?:1.6.0_45]
	at sun.reflect.DelegatingMethodAccessorImpl.invoke(Unknown Source) ~[?:1.6.0_45]
	at java.lang.reflect.Method.invoke(Unknown Source) ~[?:1.6.0_45]
	at org.springframework.beans.factory.support.AbstractAutowireCapableBeanFactory.invokeCustomInitMethod(AbstractAutowireCapableBeanFactory.java:1608) [spring-beans-3.2.3.RELEASE.jar:3.2.3.RELEASE]
	at org.springframework.beans.factory.support.AbstractAutowireCapableBeanFactory.invokeInitMethods(AbstractAutowireCapableBeanFactory.java:1549) [spring-beans-3.2.3.RELEASE.jar:3.2.3.RELEASE]
	at org.springframework.beans.factory.support.AbstractAutowireCapableBeanFactory.initializeBean(AbstractAutowireCapableBeanFactory.java:1479) [spring-beans-3.2.3.RELEASE.jar:3.2.3.RELEASE]
	at org.springframework.beans.factory.support.AbstractAutowireCapableBeanFactory.doCreateBean(AbstractAutowireCapableBeanFactory.java:521) [spring-beans-3.2.3.RELEASE.jar:3.2.3.RELEASE]
	at org.springframework.beans.factory.support.AbstractAutowireCapableBeanFactory.createBean(AbstractAutowireCapableBeanFactory.java:458) [spring-beans-3.2.3.RELEASE.jar:3.2.3.RELEASE]
	at org.springframework.beans.factory.support.AbstractBeanFactory$1.getObject(AbstractBeanFactory.java:295) [spring-beans-3.2.3.RELEASE.jar:3.2.3.RELEASE]
	at org.springframework.beans.factory.support.DefaultSingletonBeanRegistry.getSingleton(DefaultSingletonBeanRegistry.java:223) [spring-beans-3.2.3.RELEASE.jar:3.2.3.RELEASE]
	at org.springframework.beans.factory.support.AbstractBeanFactory.doGetBean(AbstractBeanFactory.java:292) [spring-beans-3.2.3.RELEASE.jar:3.2.3.RELEASE]
	at org.springframework.beans.factory.support.AbstractBeanFactory.getBean(AbstractBeanFactory.java:194) [spring-beans-3.2.3.RELEASE.jar:3.2.3.RELEASE]
	at org.springframework.beans.factory.support.DefaultListableBeanFactory.preInstantiateSingletons(DefaultListableBeanFactory.java:626) [spring-beans-3.2.3.RELEASE.jar:3.2.3.RELEASE]
	at org.springframework.context.support.AbstractApplicationContext.finishBeanFactoryInitialization(AbstractApplicationContext.java:932) [spring-context-3.2.3.RELEASE.jar:3.2.3.RELEASE]
	at org.springframework.context.support.AbstractApplicationContext.refresh(AbstractApplicationContext.java:479) [spring-context-3.2.3.RELEASE.jar:3.2.3.RELEASE]
	at org.springframework.web.context.ContextLoader.configureAndRefreshWebApplicationContext(ContextLoader.java:389) [spring-web-3.2.3.RELEASE.jar:3.2.3.RELEASE]
	at org.springframework.web.context.ContextLoader.initWebApplicationContext(ContextLoader.java:294) [spring-web-3.2.3.RELEASE.jar:3.2.3.RELEASE]
	at org.springframework.web.context.ContextLoaderListener.contextInitialized(ContextLoaderListener.java:112) [spring-web-3.2.3.RELEASE.jar:3.2.3.RELEASE]
	at org.apache.catalina.core.StandardContext.listenerStart(StandardContext.java:4276) [catalina.jar:6.0.48]
	at org.apache.catalina.core.StandardContext.start(StandardContext.java:4779) [catalina.jar:6.0.48]
	at org.apache.catalina.core.ContainerBase.start(ContainerBase.java:1061) [catalina.jar:6.0.48]
	at org.apache.catalina.core.StandardHost.start(StandardHost.java:822) [catalina.jar:6.0.48]
	at org.apache.catalina.core.ContainerBase.start(ContainerBase.java:1061) [catalina.jar:6.0.48]
	at org.apache.catalina.core.StandardEngine.start(StandardEngine.java:463) [catalina.jar:6.0.48]
	at org.apache.catalina.core.StandardService.start(StandardService.java:525) [catalina.jar:6.0.48]
	at org.apache.catalina.core.StandardServer.start(StandardServer.java:761) [catalina.jar:6.0.48]
	at org.apache.catalina.startup.Catalina.start(Catalina.java:595) [catalina.jar:6.0.48]
	at sun.reflect.NativeMethodAccessorImpl.invoke0(Native Method) ~[?:1.6.0_45]
	at sun.reflect.NativeMethodAccessorImpl.invoke(Unknown Source) ~[?:1.6.0_45]
	at sun.reflect.DelegatingMethodAccessorImpl.invoke(Unknown Source) ~[?:1.6.0_45]
	at java.lang.reflect.Method.invoke(Unknown Source) ~[?:1.6.0_45]
	at org.apache.catalina.startup.Bootstrap.start(Bootstrap.java:289) [bootstrap.jar:6.0.48]
	at org.apache.catalina.startup.Bootstrap.main(Bootstrap.java:414) [bootstrap.jar:6.0.48]
Caused by: java.io.FileNotFoundException: C:\Users\LOTTE\workspace\SMART_HOME\conf\sql\ORACLE\TT0001.xml (지정된 경로를 찾을 수 없습니다)
	at java.io.FileInputStream.open(Native Method) ~[?:1.6.0_45]
	at java.io.FileInputStream.<init>(Unknown Source) ~[?:1.6.0_45]
	at java.io.FileInputStream.<init>(Unknown Source) ~[?:1.6.0_45]
	at sun.net.www.protocol.file.FileURLConnection.connect(Unknown Source) ~[?:1.6.0_45]
	at sun.net.www.protocol.file.FileURLConnection.getInputStream(Unknown Source) ~[?:1.6.0_45]
	at org.apache.ibatis.io.Resources.getUrlAsStream(Resources.java:213) ~[mybatis-3.2.7.jar:3.2.7]
	at org.apache.ibatis.builder.xml.XMLConfigBuilder.mapperElement(XMLConfigBuilder.java:325) ~[mybatis-3.2.7.jar:3.2.7]
	at org.apache.ibatis.builder.xml.XMLConfigBuilder.parseConfiguration(XMLConfigBuilder.java:107) ~[mybatis-3.2.7.jar:3.2.7]
	... 36 more
ERROR 2017-07-25 16:06:09,480 [main] [org.springframework.web.context.ContextLoader]                 Context initialization failed
org.springframework.beans.factory.BeanCreationException: Error creating bean with name 'mybatisConfig' defined in file [C:\Users\LOTTE\workspace\.metadata\.plugins\org.eclipse.wst.server.core\tmp0\wtpwebapps\lemp-server\WEB-INF\config\applicationcontext\applicationcontext-webapp.xml]: Invocation of init method failed; nested exception is java.lang.RuntimeException: Error initializing mybatis. Cause:org.apache.ibatis.builder.BuilderException: Error parsing SQL Mapper Configuration. Cause: java.io.FileNotFoundException: C:\Users\LOTTE\workspace\SMART_HOME\conf\sql\ORACLE\TT0001.xml (지정된 경로를 찾을 수 없습니다)
	at org.springframework.beans.factory.support.AbstractAutowireCapableBeanFactory.initializeBean(AbstractAutowireCapableBeanFactory.java:1482) ~[spring-beans-3.2.3.RELEASE.jar:3.2.3.RELEASE]
	at org.springframework.beans.factory.support.AbstractAutowireCapableBeanFactory.doCreateBean(AbstractAutowireCapableBeanFactory.java:521) ~[spring-beans-3.2.3.RELEASE.jar:3.2.3.RELEASE]
	at org.springframework.beans.factory.support.AbstractAutowireCapableBeanFactory.createBean(AbstractAutowireCapableBeanFactory.java:458) ~[spring-beans-3.2.3.RELEASE.jar:3.2.3.RELEASE]
	at org.springframework.beans.factory.support.AbstractBeanFactory$1.getObject(AbstractBeanFactory.java:295) ~[spring-beans-3.2.3.RELEASE.jar:3.2.3.RELEASE]
	at org.springframework.beans.factory.support.DefaultSingletonBeanRegistry.getSingleton(DefaultSingletonBeanRegistry.java:223) ~[spring-beans-3.2.3.RELEASE.jar:3.2.3.RELEASE]
	at org.springframework.beans.factory.support.AbstractBeanFactory.doGetBean(AbstractBeanFactory.java:292) ~[spring-beans-3.2.3.RELEASE.jar:3.2.3.RELEASE]
	at org.springframework.beans.factory.support.AbstractBeanFactory.getBean(AbstractBeanFactory.java:194) ~[spring-beans-3.2.3.RELEASE.jar:3.2.3.RELEASE]
	at org.springframework.beans.factory.support.DefaultListableBeanFactory.preInstantiateSingletons(DefaultListableBeanFactory.java:626) ~[spring-beans-3.2.3.RELEASE.jar:3.2.3.RELEASE]
	at org.springframework.context.support.AbstractApplicationContext.finishBeanFactoryInitialization(AbstractApplicationContext.java:932) ~[spring-context-3.2.3.RELEASE.jar:3.2.3.RELEASE]
	at org.springframework.context.support.AbstractApplicationContext.refresh(AbstractApplicationContext.java:479) ~[spring-context-3.2.3.RELEASE.jar:3.2.3.RELEASE]
	at org.springframework.web.context.ContextLoader.configureAndRefreshWebApplicationContext(ContextLoader.java:389) ~[spring-web-3.2.3.RELEASE.jar:3.2.3.RELEASE]
	at org.springframework.web.context.ContextLoader.initWebApplicationContext(ContextLoader.java:294) [spring-web-3.2.3.RELEASE.jar:3.2.3.RELEASE]
	at org.springframework.web.context.ContextLoaderListener.contextInitialized(ContextLoaderListener.java:112) [spring-web-3.2.3.RELEASE.jar:3.2.3.RELEASE]
	at org.apache.catalina.core.StandardContext.listenerStart(StandardContext.java:4276) [catalina.jar:6.0.48]
	at org.apache.catalina.core.StandardContext.start(StandardContext.java:4779) [catalina.jar:6.0.48]
	at org.apache.catalina.core.ContainerBase.start(ContainerBase.java:1061) [catalina.jar:6.0.48]
	at org.apache.catalina.core.StandardHost.start(StandardHost.java:822) [catalina.jar:6.0.48]
	at org.apache.catalina.core.ContainerBase.start(ContainerBase.java:1061) [catalina.jar:6.0.48]
	at org.apache.catalina.core.StandardEngine.start(StandardEngine.java:463) [catalina.jar:6.0.48]
	at org.apache.catalina.core.StandardService.start(StandardService.java:525) [catalina.jar:6.0.48]
	at org.apache.catalina.core.StandardServer.start(StandardServer.java:761) [catalina.jar:6.0.48]
	at org.apache.catalina.startup.Catalina.start(Catalina.java:595) [catalina.jar:6.0.48]
	at sun.reflect.NativeMethodAccessorImpl.invoke0(Native Method) ~[?:1.6.0_45]
	at sun.reflect.NativeMethodAccessorImpl.invoke(Unknown Source) ~[?:1.6.0_45]
	at sun.reflect.DelegatingMethodAccessorImpl.invoke(Unknown Source) ~[?:1.6.0_45]
	at java.lang.reflect.Method.invoke(Unknown Source) ~[?:1.6.0_45]
	at org.apache.catalina.startup.Bootstrap.start(Bootstrap.java:289) [bootstrap.jar:6.0.48]
	at org.apache.catalina.startup.Bootstrap.main(Bootstrap.java:414) [bootstrap.jar:6.0.48]
Caused by: java.lang.RuntimeException: Error initializing mybatis. Cause:org.apache.ibatis.builder.BuilderException: Error parsing SQL Mapper Configuration. Cause: java.io.FileNotFoundException: C:\Users\LOTTE\workspace\SMART_HOME\conf\sql\ORACLE\TT0001.xml (지정된 경로를 찾을 수 없습니다)
	at kr.co.ldcc.lemp.db.common.MyBatisConfig.init(MyBatisConfig.java:104) ~[db-mybatis-1.0.jar:?]
	at sun.reflect.NativeMethodAccessorImpl.invoke0(Native Method) ~[?:1.6.0_45]
	at sun.reflect.NativeMethodAccessorImpl.invoke(Unknown Source) ~[?:1.6.0_45]
	at sun.reflect.DelegatingMethodAccessorImpl.invoke(Unknown Source) ~[?:1.6.0_45]
	at java.lang.reflect.Method.invoke(Unknown Source) ~[?:1.6.0_45]
	at org.springframework.beans.factory.support.AbstractAutowireCapableBeanFactory.invokeCustomInitMethod(AbstractAutowireCapableBeanFactory.java:1608) ~[spring-beans-3.2.3.RELEASE.jar:3.2.3.RELEASE]
	at org.springframework.beans.factory.support.AbstractAutowireCapableBeanFactory.invokeInitMethods(AbstractAutowireCapableBeanFactory.java:1549) ~[spring-beans-3.2.3.RELEASE.jar:3.2.3.RELEASE]
	at org.springframework.beans.factory.support.AbstractAutowireCapableBeanFactory.initializeBean(AbstractAutowireCapableBeanFactory.java:1479) ~[spring-beans-3.2.3.RELEASE.jar:3.2.3.RELEASE]
	... 27 more
